055 1,2013 11:55:33 上午 : ERROR [main] 违反了 UNIQUE KEY 约束 'UQ__news_tab__573AA0184F47C5E3'。不能在对象 'dbo.news_table' 中插入重复键。
055 1,2013 11:55:36 上午 : ERROR [main] 违反了 UNIQUE KEY 约束 'UQ__news_tab__573AA0184F47C5E3'。不能在对象 'dbo.news_table' 中插入重复键。
055 1,2013 11:55:49 上午 : ERROR [main] 违反了 UNIQUE KEY 约束 'UQ__news_tab__573AA0184F47C5E3'。不能在对象 'dbo.news_table' 中插入重复键。
055 1,2013 11:55:53 上午 : ERROR [main] 违反了 UNIQUE KEY 约束 'UQ__news_tab__573AA0184F47C5E3'。不能在对象 'dbo.news_table' 中插入重复键。
055 1,2013 11:55:59 上午 : ERROR [main] 违反了 UNIQUE KEY 约束 'UQ__news_tab__573AA0184F47C5E3'。不能在对象 'dbo.news_table' 中插入重复键。
056 1,2013 11:56:04 上午 : ERROR [main] 违反了 UNIQUE KEY 约束 'UQ__news_tab__573AA0184F47C5E3'。不能在对象 'dbo.news_table' 中插入重复键。
056 1,2013 11:56:08 上午 : ERROR [main] 违反了 UNIQUE KEY 约束 'UQ__news_tab__573AA0184F47C5E3'。不能在对象 'dbo.news_table' 中插入重复键。
056 1,2013 11:56:32 上午 : ERROR [main] 违反了 UNIQUE KEY 约束 'UQ__news_tab__573AA0184F47C5E3'。不能在对象 'dbo.news_table' 中插入重复键。
056 1,2013 11:56:58 上午 : ERROR [main] 违反了 UNIQUE KEY 约束 'UQ__news_tab__573AA0184F47C5E3'。不能在对象 'dbo.news_table' 中插入重复键。
058 1,2013 11:58:33 上午 : ERROR [main] 违反了 UNIQUE KEY 约束 'UQ__news_tab__573AA0184F47C5E3'。不能在对象 'dbo.news_table' 中插入重复键。
058 1,2013 11:58:50 上午 : ERROR [main] 违反了 UNIQUE KEY 约束 'UQ__news_tab__573AA0184F47C5E3'。不能在对象 'dbo.news_table' 中插入重复键。
001 1,2013 12:01:04 下午 : ERROR [main] 违反了 UNIQUE KEY 约束 'UQ__news_tab__573AA0184F47C5E3'。不能在对象 'dbo.news_table' 中插入重复键。
014 1,2013 12:14:39 下午 : ERROR [main] 违反了 UNIQUE KEY 约束 'UQ__news_tab__573AA0184F47C5E3'。不能在对象 'dbo.news_table' 中插入重复键。
014 1,2013 12:14:54 下午 : ERROR [main] 违反了 UNIQUE KEY 约束 'UQ__news_tab__573AA0184F47C5E3'。不能在对象 'dbo.news_table' 中插入重复键。
015 1,2013 12:15:32 下午 : ERROR [main] 违反了 UNIQUE KEY 约束 'UQ__news_tab__573AA0184F47C5E3'。不能在对象 'dbo.news_table' 中插入重复键。
015 1,2013 12:15:35 下午 : ERROR [main] 违反了 UNIQUE KEY 约束 'UQ__news_tab__573AA0184F47C5E3'。不能在对象 'dbo.news_table' 中插入重复键。
015 1,2013 12:15:39 下午 : ERROR [main] 违反了 UNIQUE KEY 约束 'UQ__news_tab__573AA0184F47C5E3'。不能在对象 'dbo.news_table' 中插入重复键。
015 1,2013 12:15:43 下午 : ERROR [main] 违反了 UNIQUE KEY 约束 'UQ__news_tab__573AA0184F47C5E3'。不能在对象 'dbo.news_table' 中插入重复键。
016 1,2013 12:16:49 下午 : ERROR [main] 违反了 UNIQUE KEY 约束 'UQ__news_tab__573AA0184F47C5E3'。不能在对象 'dbo.news_table' 中插入重复键。
016 1,2013 12:16:57 下午 : ERROR [main] 违反了 UNIQUE KEY 约束 'UQ__news_tab__573AA0184F47C5E3'。不能在对象 'dbo.news_table' 中插入重复键。
017 1,2013 12:17:05 下午 : ERROR [main] 违反了 UNIQUE KEY 约束 'UQ__news_tab__573AA0184F47C5E3'。不能在对象 'dbo.news_table' 中插入重复键。
017 1,2013 12:17:09 下午 : ERROR [main] 违反了 UNIQUE KEY 约束 'UQ__news_tab__573AA0184F47C5E3'。不能在对象 'dbo.news_table' 中插入重复键。
017 1,2013 12:17:26 下午 : ERROR [main] 违反了 UNIQUE KEY 约束 'UQ__news_tab__573AA0184F47C5E3'。不能在对象 'dbo.news_table' 中插入重复键。
017 1,2013 12:17:39 下午 : ERROR [main] 违反了 UNIQUE KEY 约束 'UQ__news_tab__573AA0184F47C5E3'。不能在对象 'dbo.news_table' 中插入重复键。
017 1,2013 12:17:42 下午 : ERROR [main] 违反了 UNIQUE KEY 约束 'UQ__news_tab__573AA0184F47C5E3'。不能在对象 'dbo.news_table' 中插入重复键。
018 1,2013 12:18:09 下午 : ERROR [main] 违反了 UNIQUE KEY 约束 'UQ__news_tab__573AA0184F47C5E3'。不能在对象 'dbo.news_table' 中插入重复键。
018 1,2013 12:18:12 下午 : ERROR [main] 违反了 UNIQUE KEY 约束 'UQ__news_tab__573AA0184F47C5E3'。不能在对象 'dbo.news_table' 中插入重复键。
023 1,2013 12:23:46 下午 : ERROR [main] 违反了 UNIQUE KEY 约束 'UQ__news_tab__573AA0184F47C5E3'。不能在对象 'dbo.news_table' 中插入重复键。
023 1,2013 12:23:48 下午 : ERROR [main] 违反了 UNIQUE KEY 约束 'UQ__news_tab__573AA0184F47C5E3'。不能在对象 'dbo.news_table' 中插入重复键。
023 1,2013 12:23:51 下午 : ERROR [main] 违反了 UNIQUE KEY 约束 'UQ__news_tab__573AA0184F47C5E3'。不能在对象 'dbo.news_table' 中插入重复键。
023 1,2013 12:23:54 下午 : ERROR [main] 违反了 UNIQUE KEY 约束 'UQ__news_tab__573AA0184F47C5E3'。不能在对象 'dbo.news_table' 中插入重复键。
023 1,2013 12:23:55 下午 : ERROR [main] 违反了 UNIQUE KEY 约束 'UQ__news_tab__573AA0184F47C5E3'。不能在对象 'dbo.news_table' 中插入重复键。
023 1,2013 12:23:58 下午 : ERROR [main] 违反了 UNIQUE KEY 约束 'UQ__news_tab__573AA0184F47C5E3'。不能在对象 'dbo.news_table' 中插入重复键。
024 1,2013 12:24:04 下午 : ERROR [main] 违反了 UNIQUE KEY 约束 'UQ__news_tab__573AA0184F47C5E3'。不能在对象 'dbo.news_table' 中插入重复键。
024 1,2013 12:24:06 下午 : ERROR [main] 违反了 UNIQUE KEY 约束 'UQ__news_tab__573AA0184F47C5E3'。不能在对象 'dbo.news_table' 中插入重复键。
024 1,2013 12:24:15 下午 : ERROR [main] 违反了 UNIQUE KEY 约束 'UQ__news_tab__573AA0184F47C5E3'。不能在对象 'dbo.news_table' 中插入重复键。
024 1,2013 12:24:18 下午 : ERROR [main] 违反了 UNIQUE KEY 约束 'UQ__news_tab__573AA0184F47C5E3'。不能在对象 'dbo.news_table' 中插入重复键。
024 1,2013 12:24:23 下午 : ERROR [main] 违反了 UNIQUE KEY 约束 'UQ__news_tab__573AA0184F47C5E3'。不能在对象 'dbo.news_table' 中插入重复键。
024 1,2013 12:24:26 下午 : ERROR [main] 违反了 UNIQUE KEY 约束 'UQ__news_tab__573AA0184F47C5E3'。不能在对象 'dbo.news_table' 中插入重复键。
024 1,2013 12:24:28 下午 : ERROR [main] 违反了 UNIQUE KEY 约束 'UQ__news_tab__573AA0184F47C5E3'。不能在对象 'dbo.news_table' 中插入重复键。
024 1,2013 12:24:31 下午 : ERROR [main] 违反了 UNIQUE KEY 约束 'UQ__news_tab__573AA0184F47C5E3'。不能在对象 'dbo.news_table' 中插入重复键。
024 1,2013 12:24:35 下午 : ERROR [main] 违反了 UNIQUE KEY 约束 'UQ__news_tab__573AA0184F47C5E3'。不能在对象 'dbo.news_table' 中插入重复键。
024 1,2013 12:24:39 下午 : ERROR [main] 违反了 UNIQUE KEY 约束 'UQ__news_tab__573AA0184F47C5E3'。不能在对象 'dbo.news_table' 中插入重复键。
024 1,2013 12:24:42 下午 : ERROR [main] 违反了 UNIQUE KEY 约束 'UQ__news_tab__573AA0184F47C5E3'。不能在对象 'dbo.news_table' 中插入重复键。
024 1,2013 12:24:45 下午 : ERROR [main] 违反了 UNIQUE KEY 约束 'UQ__news_tab__573AA0184F47C5E3'。不能在对象 'dbo.news_table' 中插入重复键。
024 1,2013 12:24:49 下午 : ERROR [main] 违反了 UNIQUE KEY 约束 'UQ__news_tab__573AA0184F47C5E3'。不能在对象 'dbo.news_table' 中插入重复键。
024 1,2013 12:24:51 下午 : ERROR [main] 违反了 UNIQUE KEY 约束 'UQ__news_tab__573AA0184F47C5E3'。不能在对象 'dbo.news_table' 中插入重复键。
024 1,2013 12:24:53 下午 : ERROR [main] 违反了 UNIQUE KEY 约束 'UQ__news_tab__573AA0184F47C5E3'。不能在对象 'dbo.news_table' 中插入重复键。
024 1,2013 12:24:55 下午 : ERROR [main] 违反了 UNIQUE KEY 约束 'UQ__news_tab__573AA0184F47C5E3'。不能在对象 'dbo.news_table' 中插入重复键。
024 1,2013 12:24:58 下午 : ERROR [main] 违反了 UNIQUE KEY 约束 'UQ__news_tab__573AA0184F47C5E3'。不能在对象 'dbo.news_table' 中插入重复键。
025 1,2013 12:25:03 下午 : ERROR [main] 违反了 UNIQUE KEY 约束 'UQ__news_tab__573AA0184F47C5E3'。不能在对象 'dbo.news_table' 中插入重复键。
025 1,2013 12:25:05 下午 : ERROR [main] 违反了 UNIQUE KEY 约束 'UQ__news_tab__573AA0184F47C5E3'。不能在对象 'dbo.news_table' 中插入重复键。
025 1,2013 12:25:14 下午 : ERROR [main] 违反了 UNIQUE KEY 约束 'UQ__news_tab__573AA0184F47C5E3'。不能在对象 'dbo.news_table' 中插入重复键。
025 1,2013 12:25:16 下午 : ERROR [main] 违反了 UNIQUE KEY 约束 'UQ__news_tab__573AA0184F47C5E3'。不能在对象 'dbo.news_table' 中插入重复键。
025 1,2013 12:25:17 下午 : ERROR [main] 违反了 UNIQUE KEY 约束 'UQ__news_tab__573AA0184F47C5E3'。不能在对象 'dbo.news_table' 中插入重复键。
025 1,2013 12:25:21 下午 : ERROR [main] 违反了 UNIQUE KEY 约束 'UQ__news_tab__573AA0184F47C5E3'。不能在对象 'dbo.news_table' 中插入重复键。
025 1,2013 12:25:29 下午 : ERROR [main] 违反了 UNIQUE KEY 约束 'UQ__news_tab__573AA0184F47C5E3'。不能在对象 'dbo.news_table' 中插入重复键。
025 1,2013 12:25:49 下午 : ERROR [main] 违反了 UNIQUE KEY 约束 'UQ__news_tab__573AA0184F47C5E3'。不能在对象 'dbo.news_table' 中插入重复键。
025 1,2013 12:25:51 下午 : ERROR [main] 违反了 UNIQUE KEY 约束 'UQ__news_tab__573AA0184F47C5E3'。不能在对象 'dbo.news_table' 中插入重复键。
025 1,2013 12:25:57 下午 : ERROR [main] 违反了 UNIQUE KEY 约束 'UQ__news_tab__573AA0184F47C5E3'。不能在对象 'dbo.news_table' 中插入重复键。
026 1,2013 12:26:02 下午 : ERROR [main] 违反了 UNIQUE KEY 约束 'UQ__news_tab__573AA0184F47C5E3'。不能在对象 'dbo.news_table' 中插入重复键。
026 1,2013 12:26:07 下午 : ERROR [main] 违反了 UNIQUE KEY 约束 'UQ__news_tab__573AA0184F47C5E3'。不能在对象 'dbo.news_table' 中插入重复键。
026 1,2013 12:26:09 下午 : ERROR [main] 违反了 UNIQUE KEY 约束 'UQ__news_tab__573AA0184F47C5E3'。不能在对象 'dbo.news_table' 中插入重复键。
026 1,2013 12:26:11 下午 : ERROR [main] 违反了 UNIQUE KEY 约束 'UQ__news_tab__573AA0184F47C5E3'。不能在对象 'dbo.news_table' 中插入重复键。
026 1,2013 12:26:13 下午 : ERROR [main] 违反了 UNIQUE KEY 约束 'UQ__news_tab__573AA0184F47C5E3'。不能在对象 'dbo.news_table' 中插入重复键。
026 1,2013 12:26:16 下午 : ERROR [main] 违反了 UNIQUE KEY 约束 'UQ__news_tab__573AA0184F47C5E3'。不能在对象 'dbo.news_table' 中插入重复键。
026 1,2013 12:26:19 下午 : ERROR [main] 违反了 UNIQUE KEY 约束 'UQ__news_tab__573AA0184F47C5E3'。不能在对象 'dbo.news_table' 中插入重复键。
026 1,2013 12:26:23 下午 : ERROR [main] 违反了 UNIQUE KEY 约束 'UQ__news_tab__573AA0184F47C5E3'。不能在对象 'dbo.news_table' 中插入重复键。
026 1,2013 12:26:30 下午 : ERROR [main] 违反了 UNIQUE KEY 约束 'UQ__news_tab__573AA0184F47C5E3'。不能在对象 'dbo.news_table' 中插入重复键。
026 1,2013 12:26:40 下午 : ERROR [main] 违反了 UNIQUE KEY 约束 'UQ__news_tab__573AA0184F47C5E3'。不能在对象 'dbo.news_table' 中插入重复键。
026 1,2013 12:26:54 下午 : ERROR [main] 违反了 UNIQUE KEY 约束 'UQ__news_tab__573AA0184F47C5E3'。不能在对象 'dbo.news_table' 中插入重复键。
026 1,2013 12:26:58 下午 : ERROR [main] 违反了 UNIQUE KEY 约束 'UQ__news_tab__573AA0184F47C5E3'。不能在对象 'dbo.news_table' 中插入重复键。
027 1,2013 12:27:00 下午 : ERROR [main] 违反了 UNIQUE KEY 约束 'UQ__news_tab__573AA0184F47C5E3'。不能在对象 'dbo.news_table' 中插入重复键。
027 1,2013 12:27:02 下午 : ERROR [main] 违反了 UNIQUE KEY 约束 'UQ__news_tab__573AA0184F47C5E3'。不能在对象 'dbo.news_table' 中插入重复键。
027 1,2013 12:27:04 下午 : ERROR [main] 违反了 UNIQUE KEY 约束 'UQ__news_tab__573AA0184F47C5E3'。不能在对象 'dbo.news_table' 中插入重复键。
027 1,2013 12:27:18 下午 : ERROR [main] 违反了 UNIQUE KEY 约束 'UQ__news_tab__573AA0184F47C5E3'。不能在对象 'dbo.news_table' 中插入重复键。
027 1,2013 12:27:25 下午 : ERROR [main] 违反了 UNIQUE KEY 约束 'UQ__news_tab__573AA0184F47C5E3'。不能在对象 'dbo.news_table' 中插入重复键。
027 1,2013 12:27:28 下午 : ERROR [main] 违反了 UNIQUE KEY 约束 'UQ__news_tab__573AA0184F47C5E3'。不能在对象 'dbo.news_table' 中插入重复键。
027 1,2013 12:27:39 下午 : ERROR [main] 违反了 UNIQUE KEY 约束 'UQ__news_tab__573AA0184F47C5E3'。不能在对象 'dbo.news_table' 中插入重复键。
027 1,2013 12:27:41 下午 : ERROR [main] 违反了 UNIQUE KEY 约束 'UQ__news_tab__573AA0184F47C5E3'。不能在对象 'dbo.news_table' 中插入重复键。
027 1,2013 12:27:51 下午 : ERROR [main] 违反了 UNIQUE KEY 约束 'UQ__news_tab__573AA0184F47C5E3'。不能在对象 'dbo.news_table' 中插入重复键。
027 1,2013 12:27:54 下午 : ERROR [main] 违反了 UNIQUE KEY 约束 'UQ__news_tab__573AA0184F47C5E3'。不能在对象 'dbo.news_table' 中插入重复键。
027 1,2013 12:27:56 下午 : ERROR [main] 违反了 UNIQUE KEY 约束 'UQ__news_tab__573AA0184F47C5E3'。不能在对象 'dbo.news_table' 中插入重复键。
028 1,2013 12:28:02 下午 : ERROR [main] 违反了 UNIQUE KEY 约束 'UQ__news_tab__573AA0184F47C5E3'。不能在对象 'dbo.news_table' 中插入重复键。
028 1,2013 12:28:12 下午 : ERROR [main] 违反了 UNIQUE KEY 约束 'UQ__news_tab__573AA0184F47C5E3'。不能在对象 'dbo.news_table' 中插入重复键。
028 1,2013 12:28:14 下午 : ERROR [main] 违反了 UNIQUE KEY 约束 'UQ__news_tab__573AA0184F47C5E3'。不能在对象 'dbo.news_table' 中插入重复键。
028 1,2013 12:28:18 下午 : ERROR [main] 违反了 UNIQUE KEY 约束 'UQ__news_tab__573AA0184F47C5E3'。不能在对象 'dbo.news_table' 中插入重复键。
028 1,2013 12:28:21 下午 : ERROR [main] 违反了 UNIQUE KEY 约束 'UQ__news_tab__573AA0184F47C5E3'。不能在对象 'dbo.news_table' 中插入重复键。
033 1,2013 12:33:34 下午 : ERROR [main] 违反了 UNIQUE KEY 约束 'UQ__news_tab__573AA0184F47C5E3'。不能在对象 'dbo.news_table' 中插入重复键。
033 1,2013 12:33:46 下午 : ERROR [main] 违反了 UNIQUE KEY 约束 'UQ__news_tab__573AA0184F47C5E3'。不能在对象 'dbo.news_table' 中插入重复键。
007 1,2013 01:07:12 下午 : ERROR [main] 违反了 UNIQUE KEY 约束 'UQ__news_tab__573AA0184F47C5E3'。不能在对象 'dbo.news_table' 中插入重复键。
007 1,2013 01:07:13 下午 : ERROR [main] 违反了 UNIQUE KEY 约束 'UQ__news_tab__573AA0184F47C5E3'。不能在对象 'dbo.news_table' 中插入重复键。
007 1,2013 01:07:17 下午 : ERROR [main] 违反了 UNIQUE KEY 约束 'UQ__news_tab__573AA0184F47C5E3'。不能在对象 'dbo.news_table' 中插入重复键。
007 1,2013 01:07:23 下午 : ERROR [main] 违反了 UNIQUE KEY 约束 'UQ__news_tab__573AA0184F47C5E3'。不能在对象 'dbo.news_table' 中插入重复键。
007 1,2013 01:07:26 下午 : ERROR [main] 违反了 UNIQUE KEY 约束 'UQ__news_tab__573AA0184F47C5E3'。不能在对象 'dbo.news_table' 中插入重复键。
007 1,2013 01:07:37 下午 : ERROR [main] 违反了 UNIQUE KEY 约束 'UQ__news_tab__573AA0184F47C5E3'。不能在对象 'dbo.news_table' 中插入重复键。
007 1,2013 01:07:42 下午 : ERROR [main] 违反了 UNIQUE KEY 约束 'UQ__news_tab__573AA0184F47C5E3'。不能在对象 'dbo.news_table' 中插入重复键。
007 1,2013 01:07:52 下午 : ERROR [main] 违反了 UNIQUE KEY 约束 'UQ__news_tab__573AA0184F47C5E3'。不能在对象 'dbo.news_table' 中插入重复键。
007 1,2013 01:07:55 下午 : ERROR [main] 违反了 UNIQUE KEY 约束 'UQ__news_tab__573AA0184F47C5E3'。不能在对象 'dbo.news_table' 中插入重复键。
008 1,2013 01:08:13 下午 : ERROR [main] 违反了 UNIQUE KEY 约束 'UQ__news_tab__573AA0184F47C5E3'。不能在对象 'dbo.news_table' 中插入重复键。
008 1,2013 01:08:24 下午 : ERROR [main] 违反了 UNIQUE KEY 约束 'UQ__news_tab__573AA0184F47C5E3'。不能在对象 'dbo.news_table' 中插入重复键。
008 1,2013 01:08:30 下午 : ERROR [main] 违反了 UNIQUE KEY 约束 'UQ__news_tab__573AA0184F47C5E3'。不能在对象 'dbo.news_table' 中插入重复键。
008 1,2013 01:08:35 下午 : ERROR [main] 违反了 UNIQUE KEY 约束 'UQ__news_tab__573AA0184F47C5E3'。不能在对象 'dbo.news_table' 中插入重复键。
008 1,2013 01:08:37 下午 : ERROR [main] 违反了 UNIQUE KEY 约束 'UQ__news_tab__573AA0184F47C5E3'。不能在对象 'dbo.news_table' 中插入重复键。
008 1,2013 01:08:39 下午 : ERROR [main] 违反了 UNIQUE KEY 约束 'UQ__news_tab__573AA0184F47C5E3'。不能在对象 'dbo.news_table' 中插入重复键。
009 1,2013 01:09:10 下午 : ERROR [main] 违反了 UNIQUE KEY 约束 'UQ__news_tab__573AA0184F47C5E3'。不能在对象 'dbo.news_table' 中插入重复键。
009 1,2013 01:09:13 下午 : ERROR [main] 违反了 UNIQUE KEY 约束 'UQ__news_tab__573AA0184F47C5E3'。不能在对象 'dbo.news_table' 中插入重复键。
009 1,2013 01:09:15 下午 : ERROR [main] 违反了 UNIQUE KEY 约束 'UQ__news_tab__573AA0184F47C5E3'。不能在对象 'dbo.news_table' 中插入重复键。
009 1,2013 01:09:17 下午 : ERROR [main] 违反了 UNIQUE KEY 约束 'UQ__news_tab__573AA0184F47C5E3'。不能在对象 'dbo.news_table' 中插入重复键。
009 1,2013 01:09:20 下午 : ERROR [main] 违反了 UNIQUE KEY 约束 'UQ__news_tab__573AA0184F47C5E3'。不能在对象 'dbo.news_table' 中插入重复键。
009 1,2013 01:09:23 下午 : ERROR [main] 违反了 UNIQUE KEY 约束 'UQ__news_tab__573AA0184F47C5E3'。不能在对象 'dbo.news_table' 中插入重复键。
009 1,2013 01:09:25 下午 : ERROR [main] 违反了 UNIQUE KEY 约束 'UQ__news_tab__573AA0184F47C5E3'。不能在对象 'dbo.news_table' 中插入重复键。
009 1,2013 01:09:26 下午 : ERROR [main] 违反了 UNIQUE KEY 约束 'UQ__news_tab__573AA0184F47C5E3'。不能在对象 'dbo.news_table' 中插入重复键。
009 1,2013 01:09:29 下午 : ERROR [main] 违反了 UNIQUE KEY 约束 'UQ__news_tab__573AA0184F47C5E3'。不能在对象 'dbo.news_table' 中插入重复键。
009 1,2013 01:09:54 下午 : ERROR [main] 违反了 UNIQUE KEY 约束 'UQ__news_tab__573AA0184F47C5E3'。不能在对象 'dbo.news_table' 中插入重复键。
009 1,2013 01:09:56 下午 : ERROR [main] 违反了 UNIQUE KEY 约束 'UQ__news_tab__573AA0184F47C5E3'。不能在对象 'dbo.news_table' 中插入重复键。
010 1,2013 01:10:05 下午 : ERROR [main] 违反了 UNIQUE KEY 约束 'UQ__news_tab__573AA0184F47C5E3'。不能在对象 'dbo.news_table' 中插入重复键。
010 1,2013 01:10:15 下午 : ERROR [main] 违反了 UNIQUE KEY 约束 'UQ__news_tab__573AA0184F47C5E3'。不能在对象 'dbo.news_table' 中插入重复键。
010 1,2013 01:10:19 下午 : ERROR [main] 违反了 UNIQUE KEY 约束 'UQ__news_tab__573AA0184F47C5E3'。不能在对象 'dbo.news_table' 中插入重复键。
010 1,2013 01:10:27 下午 : ERROR [main] 违反了 UNIQUE KEY 约束 'UQ__news_tab__573AA0184F47C5E3'。不能在对象 'dbo.news_table' 中插入重复键。
010 1,2013 01:10:40 下午 : ERROR [main] 违反了 UNIQUE KEY 约束 'UQ__news_tab__573AA0184F47C5E3'。不能在对象 'dbo.news_table' 中插入重复键。
010 1,2013 01:10:47 下午 : ERROR [main] 违反了 UNIQUE KEY 约束 'UQ__news_tab__573AA0184F47C5E3'。不能在对象 'dbo.news_table' 中插入重复键。
010 1,2013 01:10:59 下午 : ERROR [main] 违反了 UNIQUE KEY 约束 'UQ__news_tab__573AA0184F47C5E3'。不能在对象 'dbo.news_table' 中插入重复键。
011 1,2013 01:11:01 下午 : ERROR [main] 违反了 UNIQUE KEY 约束 'UQ__news_tab__573AA0184F47C5E3'。不能在对象 'dbo.news_table' 中插入重复键。
011 1,2013 01:11:12 下午 : ERROR [main] 违反了 UNIQUE KEY 约束 'UQ__news_tab__573AA0184F47C5E3'。不能在对象 'dbo.news_table' 中插入重复键。
011 1,2013 01:11:23 下午 : ERROR [main] 违反了 UNIQUE KEY 约束 'UQ__news_tab__573AA0184F47C5E3'。不能在对象 'dbo.news_table' 中插入重复键。
011 1,2013 01:11:25 下午 : ERROR [main] 违反了 UNIQUE KEY 约束 'UQ__news_tab__573AA0184F47C5E3'。不能在对象 'dbo.news_table' 中插入重复键。
011 1,2013 01:11:36 下午 : ERROR [main] 违反了 UNIQUE KEY 约束 'UQ__news_tab__573AA0184F47C5E3'。不能在对象 'dbo.news_table' 中插入重复键。
011 1,2013 01:11:48 下午 : ERROR [main] 违反了 UNIQUE KEY 约束 'UQ__news_tab__573AA0184F47C5E3'。不能在对象 'dbo.news_table' 中插入重复键。
011 1,2013 01:11:52 下午 : ERROR [main] 违反了 UNIQUE KEY 约束 'UQ__news_tab__573AA0184F47C5E3'。不能在对象 'dbo.news_table' 中插入重复键。
011 1,2013 01:11:56 下午 : ERROR [main] 违反了 UNIQUE KEY 约束 'UQ__news_tab__573AA0184F47C5E3'。不能在对象 'dbo.news_table' 中插入重复键。
012 1,2013 01:12:05 下午 : ERROR [main] 违反了 UNIQUE KEY 约束 'UQ__news_tab__573AA0184F47C5E3'。不能在对象 'dbo.news_table' 中插入重复键。
012 1,2013 01:12:08 下午 : ERROR [main] 违反了 UNIQUE KEY 约束 'UQ__news_tab__573AA0184F47C5E3'。不能在对象 'dbo.news_table' 中插入重复键。
012 1,2013 01:12:22 下午 : ERROR [main] 违反了 UNIQUE KEY 约束 'UQ__news_tab__573AA0184F47C5E3'。不能在对象 'dbo.news_table' 中插入重复键。
012 1,2013 01:12:32 下午 : ERROR [main] 违反了 UNIQUE KEY 约束 'UQ__news_tab__573AA0184F47C5E3'。不能在对象 'dbo.news_table' 中插入重复键。
012 1,2013 01:12:35 下午 : ERROR [main] 违反了 UNIQUE KEY 约束 'UQ__news_tab__573AA0184F47C5E3'。不能在对象 'dbo.news_table' 中插入重复键。
012 1,2013 01:12:37 下午 : ERROR [main] 违反了 UNIQUE KEY 约束 'UQ__news_tab__573AA0184F47C5E3'。不能在对象 'dbo.news_table' 中插入重复键。
012 1,2013 01:12:44 下午 : ERROR [main] 违反了 UNIQUE KEY 约束 'UQ__news_tab__573AA0184F47C5E3'。不能在对象 'dbo.news_table' 中插入重复键。
012 1,2013 01:12:47 下午 : ERROR [main] 违反了 UNIQUE KEY 约束 'UQ__news_tab__573AA0184F47C5E3'。不能在对象 'dbo.news_table' 中插入重复键。
013 1,2013 01:13:03 下午 : ERROR [main] 违反了 UNIQUE KEY 约束 'UQ__news_tab__573AA0184F47C5E3'。不能在对象 'dbo.news_table' 中插入重复键。
013 1,2013 01:13:31 下午 : ERROR [main] 违反了 UNIQUE KEY 约束 'UQ__news_tab__573AA0184F47C5E3'。不能在对象 'dbo.news_table' 中插入重复键。
013 1,2013 01:13:34 下午 : ERROR [main] 违反了 UNIQUE KEY 约束 'UQ__news_tab__573AA0184F47C5E3'。不能在对象 'dbo.news_table' 中插入重复键。
013 1,2013 01:13:36 下午 : ERROR [main] 违反了 UNIQUE KEY 约束 'UQ__news_tab__573AA0184F47C5E3'。不能在对象 'dbo.news_table' 中插入重复键。
013 1,2013 01:13:38 下午 : ERROR [main] 违反了 UNIQUE KEY 约束 'UQ__news_tab__573AA0184F47C5E3'。不能在对象 'dbo.news_table' 中插入重复键。
013 1,2013 01:13:49 下午 : ERROR [main] 违反了 UNIQUE KEY 约束 'UQ__news_tab__573AA0184F47C5E3'。不能在对象 'dbo.news_table' 中插入重复键。
013 1,2013 01:13:53 下午 : ERROR [main] 违反了 UNIQUE KEY 约束 'UQ__news_tab__573AA0184F47C5E3'。不能在对象 'dbo.news_table' 中插入重复键。
013 1,2013 01:13:57 下午 : ERROR [main] 违反了 UNIQUE KEY 约束 'UQ__news_tab__573AA0184F47C5E3'。不能在对象 'dbo.news_table' 中插入重复键。
014 1,2013 01:14:01 下午 : ERROR [main] 违反了 UNIQUE KEY 约束 'UQ__news_tab__573AA0184F47C5E3'。不能在对象 'dbo.news_table' 中插入重复键。
014 1,2013 01:14:13 下午 : ERROR [main] 违反了 UNIQUE KEY 约束 'UQ__news_tab__573AA0184F47C5E3'。不能在对象 'dbo.news_table' 中插入重复键。
014 1,2013 01:14:16 下午 : ERROR [main] 违反了 UNIQUE KEY 约束 'UQ__news_tab__573AA0184F47C5E3'。不能在对象 'dbo.news_table' 中插入重复键。
046 1,2013 01:46:56 下午 : ERROR [main] 违反了 UNIQUE KEY 约束 'UQ__news_tab__573AA0184F47C5E3'。不能在对象 'dbo.news_table' 中插入重复键。
046 1,2013 01:46:58 下午 : ERROR [main] 违反了 UNIQUE KEY 约束 'UQ__news_tab__573AA0184F47C5E3'。不能在对象 'dbo.news_table' 中插入重复键。
047 1,2013 01:47:00 下午 : ERROR [main] 违反了 UNIQUE KEY 约束 'UQ__news_tab__573AA0184F47C5E3'。不能在对象 'dbo.news_table' 中插入重复键。
047 1,2013 01:47:02 下午 : ERROR [main] 违反了 UNIQUE KEY 约束 'UQ__news_tab__573AA0184F47C5E3'。不能在对象 'dbo.news_table' 中插入重复键。
047 1,2013 01:47:03 下午 : ERROR [main] 违反了 UNIQUE KEY 约束 'UQ__news_tab__573AA0184F47C5E3'。不能在对象 'dbo.news_table' 中插入重复键。
047 1,2013 01:47:05 下午 : ERROR [main] 违反了 UNIQUE KEY 约束 'UQ__news_tab__573AA0184F47C5E3'。不能在对象 'dbo.news_table' 中插入重复键。
047 1,2013 01:47:17 下午 : ERROR [main] 违反了 UNIQUE KEY 约束 'UQ__news_tab__573AA0184F47C5E3'。不能在对象 'dbo.news_table' 中插入重复键。
047 1,2013 01:47:33 下午 : ERROR [main] 违反了 UNIQUE KEY 约束 'UQ__news_tab__573AA0184F47C5E3'。不能在对象 'dbo.news_table' 中插入重复键。
047 1,2013 01:47:36 下午 : ERROR [main] 违反了 UNIQUE KEY 约束 'UQ__news_tab__573AA0184F47C5E3'。不能在对象 'dbo.news_table' 中插入重复键。
047 1,2013 01:47:42 下午 : ERROR [main] 违反了 UNIQUE KEY 约束 'UQ__news_tab__573AA0184F47C5E3'。不能在对象 'dbo.news_table' 中插入重复键。
047 1,2013 01:47:51 下午 : ERROR [main] 违反了 UNIQUE KEY 约束 'UQ__news_tab__573AA0184F47C5E3'。不能在对象 'dbo.news_table' 中插入重复键。
048 1,2013 01:48:20 下午 : ERROR [main] 违反了 UNIQUE KEY 约束 'UQ__news_tab__573AA0184F47C5E3'。不能在对象 'dbo.news_table' 中插入重复键。
048 1,2013 01:48:22 下午 : ERROR [main] 违反了 UNIQUE KEY 约束 'UQ__news_tab__573AA0184F47C5E3'。不能在对象 'dbo.news_table' 中插入重复键。
048 1,2013 01:48:50 下午 : ERROR [main] 违反了 UNIQUE KEY 约束 'UQ__news_tab__573AA0184F47C5E3'。不能在对象 'dbo.news_table' 中插入重复键。
049 1,2013 01:49:03 下午 : ERROR [main] 违反了 UNIQUE KEY 约束 'UQ__news_tab__573AA0184F47C5E3'。不能在对象 'dbo.news_table' 中插入重复键。
049 1,2013 01:49:06 下午 : ERROR [main] 违反了 UNIQUE KEY 约束 'UQ__news_tab__573AA0184F47C5E3'。不能在对象 'dbo.news_table' 中插入重复键。
049 1,2013 01:49:09 下午 : ERROR [main] 违反了 UNIQUE KEY 约束 'UQ__news_tab__573AA0184F47C5E3'。不能在对象 'dbo.news_table' 中插入重复键。
050 1,2013 01:50:49 下午 : ERROR [main] 违反了 UNIQUE KEY 约束 'UQ__news_tab__573AA0184F47C5E3'。不能在对象 'dbo.news_table' 中插入重复键。
050 1,2013 01:50:51 下午 : ERROR [main] 违反了 UNIQUE KEY 约束 'UQ__news_tab__573AA0184F47C5E3'。不能在对象 'dbo.news_table' 中插入重复键。
051 1,2013 01:51:13 下午 : ERROR [main] 违反了 UNIQUE KEY 约束 'UQ__news_tab__573AA0184F47C5E3'。不能在对象 'dbo.news_table' 中插入重复键。
051 1,2013 01:51:22 下午 : ERROR [main] 违反了 UNIQUE KEY 约束 'UQ__news_tab__573AA0184F47C5E3'。不能在对象 'dbo.news_table' 中插入重复键。
051 1,2013 01:51:32 下午 : ERROR [main] 违反了 UNIQUE KEY 约束 'UQ__news_tab__573AA0184F47C5E3'。不能在对象 'dbo.news_table' 中插入重复键。
051 1,2013 01:51:33 下午 : ERROR [main] 违反了 UNIQUE KEY 约束 'UQ__news_tab__573AA0184F47C5E3'。不能在对象 'dbo.news_table' 中插入重复键。
051 1,2013 01:51:35 下午 : ERROR [main] 违反了 UNIQUE KEY 约束 'UQ__news_tab__573AA0184F47C5E3'。不能在对象 'dbo.news_table' 中插入重复键。
051 1,2013 01:51:39 下午 : ERROR [main] 违反了 UNIQUE KEY 约束 'UQ__news_tab__573AA0184F47C5E3'。不能在对象 'dbo.news_table' 中插入重复键。
051 1,2013 01:51:41 下午 : ERROR [main] 违反了 UNIQUE KEY 约束 'UQ__news_tab__573AA0184F47C5E3'。不能在对象 'dbo.news_table' 中插入重复键。
051 1,2013 01:51:46 下午 : ERROR [main] 违反了 UNIQUE KEY 约束 'UQ__news_tab__573AA0184F47C5E3'。不能在对象 'dbo.news_table' 中插入重复键。
051 1,2013 01:51:52 下午 : ERROR [main] 违反了 UNIQUE KEY 约束 'UQ__news_tab__573AA0184F47C5E3'。不能在对象 'dbo.news_table' 中插入重复键。
051 1,2013 01:51:54 下午 : ERROR [main] 违反了 UNIQUE KEY 约束 'UQ__news_tab__573AA0184F47C5E3'。不能在对象 'dbo.news_table' 中插入重复键。
052 1,2013 01:52:10 下午 : ERROR [main] 违反了 UNIQUE KEY 约束 'UQ__news_tab__573AA0184F47C5E3'。不能在对象 'dbo.news_table' 中插入重复键。
052 1,2013 01:52:21 下午 : ERROR [main] 违反了 UNIQUE KEY 约束 'UQ__news_tab__573AA0184F47C5E3'。不能在对象 'dbo.news_table' 中插入重复键。
052 1,2013 01:52:25 下午 : ERROR [main] 违反了 UNIQUE KEY 约束 'UQ__news_tab__573AA0184F47C5E3'。不能在对象 'dbo.news_table' 中插入重复键。
052 1,2013 01:52:27 下午 : ERROR [main] 违反了 UNIQUE KEY 约束 'UQ__news_tab__573AA0184F47C5E3'。不能在对象 'dbo.news_table' 中插入重复键。
052 1,2013 01:52:31 下午 : ERROR [main] 违反了 UNIQUE KEY 约束 'UQ__news_tab__573AA0184F47C5E3'。不能在对象 'dbo.news_table' 中插入重复键。
052 1,2013 01:52:59 下午 : ERROR [main] 违反了 UNIQUE KEY 约束 'UQ__news_tab__573AA0184F47C5E3'。不能在对象 'dbo.news_table' 中插入重复键。
053 1,2013 01:53:05 下午 : ERROR [main] 违反了 UNIQUE KEY 约束 'UQ__news_tab__573AA0184F47C5E3'。不能在对象 'dbo.news_table' 中插入重复键。
054 1,2013 01:54:13 下午 : ERROR [main] 违反了 UNIQUE KEY 约束 'UQ__news_tab__573AA0184F47C5E3'。不能在对象 'dbo.news_table' 中插入重复键。
054 1,2013 01:54:26 下午 : ERROR [main] 违反了 UNIQUE KEY 约束 'UQ__news_tab__573AA0184F47C5E3'。不能在对象 'dbo.news_table' 中插入重复键。
054 1,2013 01:54:27 下午 : ERROR [main] 违反了 UNIQUE KEY 约束 'UQ__news_tab__573AA0184F47C5E3'。不能在对象 'dbo.news_table' 中插入重复键。
054 1,2013 01:54:40 下午 : ERROR [main] 违反了 UNIQUE KEY 约束 'UQ__news_tab__573AA0184F47C5E3'。不能在对象 'dbo.news_table' 中插入重复键。
054 1,2013 01:54:42 下午 : ERROR [main] 违反了 UNIQUE KEY 约束 'UQ__news_tab__573AA0184F47C5E3'。不能在对象 'dbo.news_table' 中插入重复键。
054 1,2013 01:54:46 下午 : ERROR [main] 违反了 UNIQUE KEY 约束 'UQ__news_tab__573AA0184F47C5E3'。不能在对象 'dbo.news_table' 中插入重复键。
054 1,2013 01:54:50 下午 : ERROR [main] 违反了 UNIQUE KEY 约束 'UQ__news_tab__573AA0184F47C5E3'。不能在对象 'dbo.news_table' 中插入重复键。
055 1,2013 01:55:03 下午 : ERROR [main] 违反了 UNIQUE KEY 约束 'UQ__news_tab__573AA0184F47C5E3'。不能在对象 'dbo.news_table' 中插入重复键。
055 1,2013 01:55:11 下午 : ERROR [main] 违反了 UNIQUE KEY 约束 'UQ__news_tab__573AA0184F47C5E3'。不能在对象 'dbo.news_table' 中插入重复键。
055 1,2013 01:55:16 下午 : ERROR [main] 违反了 UNIQUE KEY 约束 'UQ__news_tab__573AA0184F47C5E3'。不能在对象 'dbo.news_table' 中插入重复键。
055 1,2013 01:55:18 下午 : ERROR [main] 违反了 UNIQUE KEY 约束 'UQ__news_tab__573AA0184F47C5E3'。不能在对象 'dbo.news_table' 中插入重复键。
055 1,2013 01:55:43 下午 : ERROR [main] 违反了 UNIQUE KEY 约束 'UQ__news_tab__573AA0184F47C5E3'。不能在对象 'dbo.news_table' 中插入重复键。
055 1,2013 01:55:49 下午 : ERROR [main] 违反了 UNIQUE KEY 约束 'UQ__news_tab__573AA0184F47C5E3'。不能在对象 'dbo.news_table' 中插入重复键。
055 1,2013 01:55:51 下午 : ERROR [main] 违反了 UNIQUE KEY 约束 'UQ__news_tab__573AA0184F47C5E3'。不能在对象 'dbo.news_table' 中插入重复键。
056 1,2013 01:56:06 下午 : ERROR [main] 违反了 UNIQUE KEY 约束 'UQ__news_tab__573AA0184F47C5E3'。不能在对象 'dbo.news_table' 中插入重复键。
056 1,2013 01:56:36 下午 : ERROR [main] 违反了 UNIQUE KEY 约束 'UQ__news_tab__573AA0184F47C5E3'。不能在对象 'dbo.news_table' 中插入重复键。
056 1,2013 01:56:40 下午 : ERROR [main] 违反了 UNIQUE KEY 约束 'UQ__news_tab__573AA0184F47C5E3'。不能在对象 'dbo.news_table' 中插入重复键。
056 1,2013 01:56:43 下午 : ERROR [main] 违反了 UNIQUE KEY 约束 'UQ__news_tab__573AA0184F47C5E3'。不能在对象 'dbo.news_table' 中插入重复键。
057 1,2013 01:57:03 下午 : ERROR [main] 违反了 UNIQUE KEY 约束 'UQ__news_tab__573AA0184F47C5E3'。不能在对象 'dbo.news_table' 中插入重复键。
057 1,2013 01:57:25 下午 : ERROR [main] 违反了 UNIQUE KEY 约束 'UQ__news_tab__573AA0184F47C5E3'。不能在对象 'dbo.news_table' 中插入重复键。
057 1,2013 01:57:26 下午 : ERROR [main] 违反了 UNIQUE KEY 约束 'UQ__news_tab__573AA0184F47C5E3'。不能在对象 'dbo.news_table' 中插入重复键。
057 1,2013 01:57:42 下午 : ERROR [main] 违反了 UNIQUE KEY 约束 'UQ__news_tab__573AA0184F47C5E3'。不能在对象 'dbo.news_table' 中插入重复键。
057 1,2013 01:57:52 下午 : ERROR [main] 违反了 UNIQUE KEY 约束 'UQ__news_tab__573AA0184F47C5E3'。不能在对象 'dbo.news_table' 中插入重复键。
057 1,2013 01:57:55 下午 : ERROR [main] 违反了 UNIQUE KEY 约束 'UQ__news_tab__573AA0184F47C5E3'。不能在对象 'dbo.news_table' 中插入重复键。
058 1,2013 01:58:17 下午 : ERROR [main] 违反了 UNIQUE KEY 约束 'UQ__news_tab__573AA0184F47C5E3'。不能在对象 'dbo.news_table' 中插入重复键。
058 1,2013 01:58:30 下午 : ERROR [main] 违反了 UNIQUE KEY 约束 'UQ__news_tab__573AA0184F47C5E3'。不能在对象 'dbo.news_table' 中插入重复键。
058 1,2013 01:58:48 下午 : ERROR [main] 违反了 UNIQUE KEY 约束 'UQ__news_tab__573AA0184F47C5E3'。不能在对象 'dbo.news_table' 中插入重复键。
059 1,2013 01:59:05 下午 : ERROR [main] 违反了 UNIQUE KEY 约束 'UQ__news_tab__573AA0184F47C5E3'。不能在对象 'dbo.news_table' 中插入重复键。
059 1,2013 01:59:08 下午 : ERROR [main] 违反了 UNIQUE KEY 约束 'UQ__news_tab__573AA0184F47C5E3'。不能在对象 'dbo.news_table' 中插入重复键。
059 1,2013 01:59:09 下午 : ERROR [main] 违反了 UNIQUE KEY 约束 'UQ__news_tab__573AA0184F47C5E3'。不能在对象 'dbo.news_table' 中插入重复键。
059 1,2013 01:59:14 下午 : ERROR [main] 违反了 UNIQUE KEY 约束 'UQ__news_tab__573AA0184F47C5E3'。不能在对象 'dbo.news_table' 中插入重复键。
059 1,2013 01:59:16 下午 : ERROR [main] 违反了 UNIQUE KEY 约束 'UQ__news_tab__573AA0184F47C5E3'。不能在对象 'dbo.news_table' 中插入重复键。
059 1,2013 01:59:39 下午 : ERROR [main] 违反了 UNIQUE KEY 约束 'UQ__news_tab__573AA0184F47C5E3'。不能在对象 'dbo.news_table' 中插入重复键。
000 1,2013 02:00:20 下午 : ERROR [main] 违反了 UNIQUE KEY 约束 'UQ__news_tab__573AA0184F47C5E3'。不能在对象 'dbo.news_table' 中插入重复键。
000 1,2013 02:00:24 下午 : ERROR [main] 违反了 UNIQUE KEY 约束 'UQ__news_tab__573AA0184F47C5E3'。不能在对象 'dbo.news_table' 中插入重复键。
000 1,2013 02:00:27 下午 : ERROR [main] 违反了 UNIQUE KEY 约束 'UQ__news_tab__573AA0184F47C5E3'。不能在对象 'dbo.news_table' 中插入重复键。
000 1,2013 02:00:48 下午 : ERROR [main] 违反了 UNIQUE KEY 约束 'UQ__news_tab__573AA0184F47C5E3'。不能在对象 'dbo.news_table' 中插入重复键。
000 1,2013 02:00:53 下午 : ERROR [main] 违反了 UNIQUE KEY 约束 'UQ__news_tab__573AA0184F47C5E3'。不能在对象 'dbo.news_table' 中插入重复键。
000 1,2013 02:00:55 下午 : ERROR [main] 违反了 UNIQUE KEY 约束 'UQ__news_tab__573AA0184F47C5E3'。不能在对象 'dbo.news_table' 中插入重复键。
000 1,2013 02:00:58 下午 : ERROR [main] 违反了 UNIQUE KEY 约束 'UQ__news_tab__573AA0184F47C5E3'。不能在对象 'dbo.news_table' 中插入重复键。
000 1,2013 02:00:59 下午 : ERROR [main] 违反了 UNIQUE KEY 约束 'UQ__news_tab__573AA0184F47C5E3'。不能在对象 'dbo.news_table' 中插入重复键。
001 1,2013 02:01:01 下午 : ERROR [main] 违反了 UNIQUE KEY 约束 'UQ__news_tab__573AA0184F47C5E3'。不能在对象 'dbo.news_table' 中插入重复键。
001 1,2013 02:01:04 下午 : ERROR [main] 违反了 UNIQUE KEY 约束 'UQ__news_tab__573AA0184F47C5E3'。不能在对象 'dbo.news_table' 中插入重复键。
001 1,2013 02:01:06 下午 : ERROR [main] 违反了 UNIQUE KEY 约束 'UQ__news_tab__573AA0184F47C5E3'。不能在对象 'dbo.news_table' 中插入重复键。
001 1,2013 02:01:10 下午 : ERROR [main] 违反了 UNIQUE KEY 约束 'UQ__news_tab__573AA0184F47C5E3'。不能在对象 'dbo.news_table' 中插入重复键。
001 1,2013 02:01:12 下午 : ERROR [main] 违反了 UNIQUE KEY 约束 'UQ__news_tab__573AA0184F47C5E3'。不能在对象 'dbo.news_table' 中插入重复键。
001 1,2013 02:01:26 下午 : ERROR [main] 违反了 UNIQUE KEY 约束 'UQ__news_tab__573AA0184F47C5E3'。不能在对象 'dbo.news_table' 中插入重复键。
001 1,2013 02:01:32 下午 : ERROR [main] 违反了 UNIQUE KEY 约束 'UQ__news_tab__573AA0184F47C5E3'。不能在对象 'dbo.news_table' 中插入重复键。
001 1,2013 02:01:36 下午 : ERROR [main] 违反了 UNIQUE KEY 约束 'UQ__news_tab__573AA0184F47C5E3'。不能在对象 'dbo.news_table' 中插入重复键。
001 1,2013 02:01:38 下午 : ERROR [main] 违反了 UNIQUE KEY 约束 'UQ__news_tab__573AA0184F47C5E3'。不能在对象 'dbo.news_table' 中插入重复键。
001 1,2013 02:01:42 下午 : ERROR [main] 违反了 UNIQUE KEY 约束 'UQ__news_tab__573AA0184F47C5E3'。不能在对象 'dbo.news_table' 中插入重复键。
001 1,2013 02:01:50 下午 : ERROR [main] 违反了 UNIQUE KEY 约束 'UQ__news_tab__573AA0184F47C5E3'。不能在对象 'dbo.news_table' 中插入重复键。
001 1,2013 02:01:52 下午 : ERROR [main] 违反了 UNIQUE KEY 约束 'UQ__news_tab__573AA0184F47C5E3'。不能在对象 'dbo.news_table' 中插入重复键。
001 1,2013 02:01:54 下午 : ERROR [main] 违反了 UNIQUE KEY 约束 'UQ__news_tab__573AA0184F47C5E3'。不能在对象 'dbo.news_table' 中插入重复键。
025 1,2013 09:25:16 下午 : ERROR [main] line 1:100: unexpected token: )
025 1,2013 09:25:16 下午 : ERROR [main] line 1:131: unexpected token: null
025 1,2013 09:25:16 下午 : ERROR [main] line 1:131: expecting CLOSE, found 'null'
